<?xml version="1.0" encoding="UTF-8"?>
<testng-results skipped="0" failed="0" total="1" passed="1">
  <reporter-output>
  </reporter-output>
  <suite name="Default suite" duration-ms="24571" started-at="2018-04-19T15:10:13Z" finished-at="2018-04-19T15:10:38Z">
    <groups>
    </groups>
    <test name="Default test" duration-ms="24571" started-at="2018-04-19T15:10:13Z" finished-at="2018-04-19T15:10:38Z">
      <class name="com.fileUpload.UploadImage">
        <test-method status="PASS" signature="setUp()[pri:0, instance:com.fileUpload.UploadImage@3a82f6ef]" name="setUp" is-config="true" duration-ms="22025" started-at="2018-04-19T10:10:13Z" finished-at="2018-04-19T10:10:35Z">
          <reporter-output>
          </reporter-output>
        </test-method> <!-- setUp -->
        <test-method status="PASS" signature="ImageUpload()[pri:0, instance:com.fileUpload.UploadImage@3a82f6ef]" name="ImageUpload" duration-ms="2524" started-at="2018-04-19T10:10:35Z" finished-at="2018-04-19T10:10:38Z">
          <reporter-output>
          </reporter-output>
        </test-method> <!-- ImageUpload -->
      </class> <!-- com.fileUpload.UploadImage -->
    </test> <!-- Default test -->
  </suite> <!-- Default suite -->
</testng-results>
